<?xml version="1.0" encoding="UTF-8"?>
<!-- Generated by org.testng.reporters.JUnitReportReporter -->
<testsuite hostname="EC2AMAZ-S11DBRH" failures="0" tests="4" name="testScripts.PlaceOrderTest" time="0.804" errors="0" timestamp="2023-12-14T07:25:29 GMT" skipped="0">
  <testcase classname="testScripts.PlaceOrderTest" name="validLogin" time="0.070"/>
  <system-out/>
  <testcase classname="testScripts.PlaceOrderTest" name="addItem" time="0.249"/>
  <system-out/>
  <testcase classname="testScripts.PlaceOrderTest" name="checkOutTest" time="0.116"/>
  <system-out/>
  <testcase classname="testScripts.PlaceOrderTest" name="provideInfo" time="0.369"/>
  <system-out/>
</testsuite> <!-- testScripts.PlaceOrderTest -->
